<?xml version="1.0" encoding="UTF-8"?>
<!-- Generated by org.testng.reporters.JUnitXMLReporter -->
<testsuite ignored="0" hostname="MR-CHAPAI" failures="1" tests="1" name="Test" time="0.839" errors="0" timestamp="2024-03-13T17:57:14 CDT">
  <testcase classname="io.cucumber.testng.AbstractTestNGCucumberTests" name="runScenario" time="0.126">
    <failure type="java.lang.NullPointerException" message="Cannot invoke &amp;quot;org.openqa.selenium.WebDriver.get(String)&amp;quot; because &amp;quot;this.driver&amp;quot; is null">
      <![CDATA[java.lang.NullPointerException: Cannot invoke "org.openqa.selenium.WebDriver.get(String)" because "this.driver" is null
at step_definations.StepByStep.open_the_url_as(StepByStep.java:34)
at ✽.open the url as "https://www.google.com/"(file:///D:/IDE_WorkSpace/Eclipse/cucung4/src/test/resources/features/myfeature.feature:5)
]]>
    </failure>
  </testcase> <!-- runScenario -->
</testsuite> <!-- Test -->
