<?xml version="1.0" encoding="UTF-8"?>
<!-- Generated by org.testng.reporters.JUnitXMLReporter -->
<testsuite ignored="0" hostname="MR-CHAPAI" failures="1" tests="1" name="Test1" time="0.399" errors="0" timestamp="2024-03-13T14:51:38 CDT">
  <testcase classname="io.cucumber.testng.AbstractTestNGCucumberTests" name="runScenario" time="0.105">
    <failure type="java.lang.NullPointerException" message="Cannot invoke &amp;quot;Object.getClass()&amp;quot; because &amp;quot;this.driver&amp;quot; is null">
      <![CDATA[java.lang.NullPointerException: Cannot invoke "Object.getClass()" because "this.driver" is null
at step_defination.StepDefinationLogin.open_browser(StepDefinationLogin.java:25)
at ✽.open browser(file:///D:/IDE_WorkSpace/Eclipse/cucung2/src/test/resources/features/feature_login.feature:6)
]]>
    </failure>
  </testcase> <!-- runScenario -->
</testsuite> <!-- Test1 -->
