<?xml version="1.0" encoding="UTF-8"?>
<testng-results ignored="0" total="2" passed="2" failed="0" skipped="0">
  <reporter-output>
  </reporter-output>
  <suite started-at="2024-03-14T00:04:03 CDT" name="Cross Browser Suite" finished-at="2024-03-14T00:04:13 CDT" duration-ms="9943">
    <groups>
      <group name="cucumber">
        <method signature="AbstractTestNGCucumberTests.runScenario(io.cucumber.testng.PickleWrapper,io.cucumber.testng.FeatureWrapper)[pri:0, instance:runner.TestRunner@1ffaf86]" name="runScenario" class="io.cucumber.testng.AbstractTestNGCucumberTests"/>
        <method signature="AbstractTestNGCucumberTests.runScenario(io.cucumber.testng.PickleWrapper,io.cucumber.testng.FeatureWrapper)[pri:0, instance:runner.TestRunner@3a7442c7]" name="runScenario" class="io.cucumber.testng.AbstractTestNGCucumberTests"/>
      </group> <!-- cucumber -->
    </groups>
    <test started-at="2024-03-14T00:04:03 CDT" name="Cross Browser Test" finished-at="2024-03-14T00:04:08 CDT" duration-ms="4345">
      <class name="step_definations.StepByStep">
        <test-method is-config="true" signature="setUp(java.lang.String)[pri:0, instance:step_definations.StepByStep@5ab956d7]" started-at="2024-03-14T00:04:03 CDT" name="setUp" finished-at="2024-03-14T00:04:03 CDT" duration-ms="14" status="PASS">
          <params>
            <param index="0">
              <value>
                <![CDATA[chrome]]>
              </value>
            </param>
          </params>
          <reporter-output>
          </reporter-output>
        </test-method> <!-- setUp -->
      </class> <!-- step_definations.StepByStep -->
      <class name="runner.TestRunner">
        <test-method is-config="true" signature="setUpClass(org.testng.ITestContext)[pri:0, instance:runner.TestRunner@1ffaf86]" started-at="2024-03-14T00:04:03 CDT" name="setUpClass" finished-at="2024-03-14T00:04:04 CDT" duration-ms="665" status="PASS">
          <params>
            <param index="0">
              <value>
                <![CDATA[org.testng.TestRunner@3a230001]]>
              </value>
            </param>
          </params>
          <reporter-output>
          </reporter-output>
        </test-method> <!-- setUpClass -->
        <test-method signature="runScenario(io.cucumber.testng.PickleWrapper,io.cucumber.testng.FeatureWrapper)[pri:0, instance:runner.TestRunner@1ffaf86]" started-at="2024-03-14T00:04:04 CDT" name="runScenario" description="Runs Cucumber Scenarios" data-provider="scenarios" finished-at="2024-03-14T00:04:08 CDT" duration-ms="3570" status="PASS">
          <params>
            <param index="0">
              <value>
                <![CDATA["veryfy the google search"]]>
              </value>
            </param>
            <param index="1">
              <value>
                <![CDATA["Optional[google search]"]]>
              </value>
            </param>
          </params>
          <reporter-output>
          </reporter-output>
        </test-method> <!-- runScenario -->
        <test-method is-config="true" signature="tearDownClass()[pri:0, instance:runner.TestRunner@1ffaf86]" started-at="2024-03-14T00:04:08 CDT" name="tearDownClass" finished-at="2024-03-14T00:04:08 CDT" duration-ms="46" status="PASS">
          <reporter-output>
          </reporter-output>
        </test-method> <!-- tearDownClass -->
      </class> <!-- runner.TestRunner -->
    </test> <!-- Cross Browser Test -->
    <test started-at="2024-03-14T00:04:08 CDT" name="Cross Browser Test 2" finished-at="2024-03-14T00:04:13 CDT" duration-ms="5569">
      <class name="step_definations.StepByStep">
        <test-method is-config="true" signature="setUp(java.lang.String)[pri:0, instance:step_definations.StepByStep@4be29ed9]" started-at="2024-03-14T00:04:08 CDT" name="setUp" finished-at="2024-03-14T00:04:08 CDT" duration-ms="0" status="PASS">
          <params>
            <param index="0">
              <value>
                <![CDATA[edge]]>
              </value>
            </param>
          </params>
          <reporter-output>
          </reporter-output>
        </test-method> <!-- setUp -->
      </class> <!-- step_definations.StepByStep -->
      <class name="runner.TestRunner">
        <test-method is-config="true" signature="setUpClass(org.testng.ITestContext)[pri:0, instance:runner.TestRunner@3a7442c7]" started-at="2024-03-14T00:04:08 CDT" name="setUpClass" finished-at="2024-03-14T00:04:08 CDT" duration-ms="13" status="PASS">
          <params>
            <param index="0">
              <value>
                <![CDATA[org.testng.TestRunner@5ac6c4f2]]>
              </value>
            </param>
          </params>
          <reporter-output>
          </reporter-output>
        </test-method> <!-- setUpClass -->
        <test-method signature="runScenario(io.cucumber.testng.PickleWrapper,io.cucumber.testng.FeatureWrapper)[pri:0, instance:runner.TestRunner@3a7442c7]" started-at="2024-03-14T00:04:08 CDT" name="runScenario" description="Runs Cucumber Scenarios" data-provider="scenarios" finished-at="2024-03-14T00:04:13 CDT" duration-ms="5530" status="PASS">
          <params>
            <param index="0">
              <value>
                <![CDATA["veryfy the google search"]]>
              </value>
            </param>
            <param index="1">
              <value>
                <![CDATA["Optional[google search]"]]>
              </value>
            </param>
          </params>
          <reporter-output>
          </reporter-output>
        </test-method> <!-- runScenario -->
        <test-method is-config="true" signature="tearDownClass()[pri:0, instance:runner.TestRunner@3a7442c7]" started-at="2024-03-14T00:04:13 CDT" name="tearDownClass" finished-at="2024-03-14T00:04:13 CDT" duration-ms="21" status="PASS">
          <reporter-output>
          </reporter-output>
        </test-method> <!-- tearDownClass -->
      </class> <!-- runner.TestRunner -->
    </test> <!-- Cross Browser Test 2 -->
  </suite> <!-- Cross Browser Suite -->
</testng-results>
